2025-01-03 10:48:03,208 - WDM - INFO - ====== WebDriver manager ======
2025-01-03 10:48:03,313 - WDM - INFO - Get LATEST chromedriver version for google-chrome
2025-01-03 10:48:03,363 - WDM - INFO - Get LATEST chromedriver version for google-chrome
2025-01-03 10:48:03,392 - WDM - INFO - Get LATEST chromedriver version for google-chrome
2025-01-03 10:48:03,671 - WDM - INFO - WebDriver version 131.0.6778.204 selected
2025-01-03 10:48:03,672 - WDM - INFO - Modern chrome version https://storage.googleapis.com/chrome-for-testing-public/131.0.6778.204/mac-arm64/chromedriver-mac-arm64.zip
2025-01-03 10:48:03,672 - WDM - INFO - About to download new driver from https://storage.googleapis.com/chrome-for-testing-public/131.0.6778.204/mac-arm64/chromedriver-mac-arm64.zip
2025-01-03 10:48:03,993 - WDM - INFO - Driver downloading response is 200
2025-01-03 10:48:04,309 - WDM - INFO - Get LATEST chromedriver version for google-chrome
2025-01-03 10:48:04,601 - WDM - INFO - Driver has been saved in cache [/Users/osmanorka/.wdm/drivers/chromedriver/mac64/131.0.6778.204]
2025-01-03 10:48:31,477 - WDM - INFO - ====== WebDriver manager ======
2025-01-03 10:48:31,567 - WDM - INFO - Get LATEST chromedriver version for google-chrome
2025-01-03 10:48:31,596 - WDM - INFO - Get LATEST chromedriver version for google-chrome
2025-01-03 10:48:31,626 - WDM - INFO - Driver [/Users/osmanorka/.wdm/drivers/chromedriver/mac64/131.0.6778.204/chromedriver-mac-arm64/THIRD_PARTY_NOTICES.chromedriver] found in cache
2025-01-03 10:52:50,911 - WDM - INFO - ====== WebDriver manager ======
2025-01-03 10:52:54,581 - WDM - INFO - Get LATEST geckodriver version for 133.0 firefox
2025-01-03 10:52:54,901 - WDM - INFO - Get LATEST geckodriver version for 133.0 firefox
2025-01-03 10:52:54,958 - WDM - INFO - There is no [mac64] geckodriver "v0.35.0" for browser firefox "133.0" in cache
2025-01-03 10:52:54,963 - WDM - INFO - Get LATEST geckodriver version for 133.0 firefox
2025-01-03 10:52:55,027 - WDM - INFO - Getting latest mozilla release info for v0.35.0
2025-01-03 10:52:55,332 - WDM - INFO - About to download new driver from https://github.com/mozilla/geckodriver/releases/download/v0.35.0/geckodriver-v0.35.0-macos-aarch64.tar.gz
2025-01-03 10:52:56,584 - WDM - INFO - Driver downloading response is 200
2025-01-03 10:52:56,683 - WDM - INFO - Get LATEST geckodriver version for 133.0 firefox
2025-01-03 10:52:56,765 - WDM - INFO - Driver has been saved in cache [/Users/osmanorka/.wdm/drivers/geckodriver/mac64/v0.35.0]
2025-01-03 10:53:30,775 - scraper.amazon_scraper - ERROR - Timeout while searching for products
2025-01-03 10:53:50,936 - WDM - INFO - ====== WebDriver manager ======
2025-01-03 10:53:51,212 - WDM - INFO - Get LATEST geckodriver version for 133.0 firefox
2025-01-03 10:53:51,525 - WDM - INFO - Get LATEST geckodriver version for 133.0 firefox
2025-01-03 10:53:51,585 - WDM - INFO - Driver [/Users/osmanorka/.wdm/drivers/geckodriver/mac64/v0.35.0/geckodriver] found in cache
2025-01-03 10:54:17,263 - scraper.amazon_scraper - INFO - Results saved to data/amazon_products_20250103_105350.csv
2025-01-03 10:54:17,264 - scraper.amazon_scraper - INFO - Results saved to data/amazon_products_20250103_105350.json
2025-01-03 10:55:32,512 - WDM - INFO - ====== WebDriver manager ======
2025-01-03 10:55:32,785 - WDM - INFO - Get LATEST geckodriver version for 133.0 firefox
2025-01-03 10:55:33,136 - WDM - INFO - Get LATEST geckodriver version for 133.0 firefox
2025-01-03 10:55:33,197 - WDM - INFO - Driver [/Users/osmanorka/.wdm/drivers/geckodriver/mac64/v0.35.0/geckodriver] found in cache
2025-01-03 10:55:57,340 - scraper.amazon_scraper - INFO - Results saved to data/amazon_products_20250103_105532.csv
2025-01-03 10:55:57,340 - scraper.amazon_scraper - INFO - Results saved to data/amazon_products_20250103_105532.json
2025-01-03 10:56:39,980 - WDM - INFO - ====== WebDriver manager ======
2025-01-03 10:56:40,258 - WDM - INFO - Get LATEST geckodriver version for 133.0 firefox
2025-01-03 10:56:40,581 - WDM - INFO - Get LATEST geckodriver version for 133.0 firefox
2025-01-03 10:56:40,642 - WDM - INFO - Driver [/Users/osmanorka/.wdm/drivers/geckodriver/mac64/v0.35.0/geckodriver] found in cache
2025-01-03 10:57:05,529 - scraper.amazon_scraper - INFO - Results saved to data/amazon_products_20250103_105639.csv
2025-01-03 10:57:05,529 - scraper.amazon_scraper - INFO - Results saved to data/amazon_products_20250103_105639.json
2025-01-03 11:06:25,591 - WDM - INFO - ====== WebDriver manager ======
2025-01-03 11:06:25,859 - WDM - INFO - Get LATEST geckodriver version for 133.0 firefox
2025-01-03 11:06:26,190 - WDM - INFO - Get LATEST geckodriver version for 133.0 firefox
2025-01-03 11:06:26,249 - WDM - INFO - Driver [/Users/osmanorka/.wdm/drivers/geckodriver/mac64/v0.35.0/geckodriver] found in cache
2025-01-03 11:06:47,105 - scraper.amazon_scraper - INFO - Results saved to data/amazon_products_20250103_110625.csv
2025-01-03 11:06:47,106 - scraper.amazon_scraper - INFO - Results saved to data/amazon_products_20250103_110625.json
2025-01-03 11:08:00,661 - WDM - INFO - ====== WebDriver manager ======
2025-01-03 11:08:00,929 - WDM - INFO - Get LATEST geckodriver version for 133.0 firefox
2025-01-03 11:08:01,264 - WDM - INFO - Get LATEST geckodriver version for 133.0 firefox
2025-01-03 11:08:01,327 - WDM - INFO - Driver [/Users/osmanorka/.wdm/drivers/geckodriver/mac64/v0.35.0/geckodriver] found in cache
2025-01-03 11:08:26,117 - scraper.amazon_scraper - INFO - Results saved to data/amazon_products_20250103_110800.csv
2025-01-03 11:08:26,117 - scraper.amazon_scraper - INFO - Results saved to data/amazon_products_20250103_110800.json
2025-01-03 11:09:20,586 - WDM - INFO - ====== WebDriver manager ======
2025-01-03 11:09:20,859 - WDM - INFO - Get LATEST geckodriver version for 133.0 firefox
2025-01-03 11:09:21,184 - WDM - INFO - Get LATEST geckodriver version for 133.0 firefox
2025-01-03 11:09:21,244 - WDM - INFO - Driver [/Users/osmanorka/.wdm/drivers/geckodriver/mac64/v0.35.0/geckodriver] found in cache
2025-01-03 11:09:45,422 - scraper.amazon_scraper - INFO - Results saved to data/amazon_products_20250103_110920.csv
2025-01-03 11:09:45,422 - scraper.amazon_scraper - INFO - Results saved to data/amazon_products_20250103_110920.json
2025-01-03 11:11:34,991 - WDM - INFO - ====== WebDriver manager ======
2025-01-03 11:11:35,258 - WDM - INFO - Get LATEST geckodriver version for 133.0 firefox
2025-01-03 11:11:35,636 - WDM - INFO - Get LATEST geckodriver version for 133.0 firefox
2025-01-03 11:11:35,697 - WDM - INFO - Driver [/Users/osmanorka/.wdm/drivers/geckodriver/mac64/v0.35.0/geckodriver] found in cache
2025-01-03 11:12:00,624 - scraper.amazon_scraper - INFO - Results saved to data/amazon_products_20250103_111134.csv
2025-01-03 11:12:00,625 - scraper.amazon_scraper - INFO - Results saved to data/amazon_products_20250103_111134.json
2025-01-03 11:13:04,299 - WDM - INFO - ====== WebDriver manager ======
2025-01-03 11:13:04,569 - WDM - INFO - Get LATEST geckodriver version for 133.0 firefox
2025-01-03 11:13:04,889 - WDM - INFO - Get LATEST geckodriver version for 133.0 firefox
2025-01-03 11:13:04,950 - WDM - INFO - Driver [/Users/osmanorka/.wdm/drivers/geckodriver/mac64/v0.35.0/geckodriver] found in cache
2025-01-03 11:13:29,980 - scraper.amazon_scraper - INFO - Results saved to data/amazon_products_20250103_111304.csv
2025-01-03 11:13:29,981 - scraper.amazon_scraper - INFO - Results saved to data/amazon_products_20250103_111304.json
2025-01-03 11:16:02,724 - WDM - INFO - ====== WebDriver manager ======
2025-01-03 11:16:02,997 - WDM - INFO - Get LATEST geckodriver version for 133.0 firefox
2025-01-03 11:16:03,083 - WDM - INFO - Get LATEST geckodriver version for 133.0 firefox
2025-01-03 11:16:03,146 - WDM - INFO - Driver [/Users/osmanorka/.wdm/drivers/geckodriver/mac64/v0.35.0/geckodriver] found in cache
2025-01-03 11:16:28,374 - scraper.amazon_scraper - INFO - Results saved to data/amazon_products_20250103_111602.csv
2025-01-03 11:16:28,374 - scraper.amazon_scraper - INFO - Results saved to data/amazon_products_20250103_111602.json
